<?xml version="1.0" encoding="UTF-8"?>
<!-- Generated by org.testng.reporters.JUnitReportReporter -->
<testsuite skipped="0" hostname="DESKTOP-77NPTI0" name="pomPracticeAll.PomPracticeAllTestVanu" tests="1" failures="0" timestamp="31 Aug 2021 16:20:46 GMT" time="13.539" errors="0">
  <testcase name="testPractice" time="13.539" classname="pomPracticeAll.PomPracticeAllTestVanu"/>
</testsuite> <!-- pomPracticeAll.PomPracticeAllTestVanu -->
