<?xml version="1.0" encoding="UTF-8"?>
<!-- Generated by org.testng.reporters.JUnitReportReporter -->
<testsuite skipped="0" hostname="DESKTOP-77NPTI0" name="com.qa.util.TestBase" tests="1" failures="0" timestamp="06 Oct 2020 17:15:47 GMT" time="21.021" errors="0">
  <testcase name="initialization" time="21.021" classname="com.qa.util.TestBase"/>
</testsuite> <!-- com.qa.util.TestBase -->
