<?xml version="1.0" encoding="UTF-8"?>
<!-- Generated by org.testng.reporters.JUnitReportReporter -->
<testsuite skipped="0" hostname="DESKTOP-77NPTI0" name="TD.TDTest" tests="1" failures="0" timestamp="15 Jul 2021 22:36:27 GMT" time="20.256" errors="0">
  <testcase name="login" time="20.256" classname="TD.TDTest"/>
</testsuite> <!-- TD.TDTest -->
